<?xml version="1.0" encoding="UTF-8"?>
<!-- Generated by org.testng.reporters.JUnitXMLReporter -->
<testsuite ignored="0" hostname="aguirre39" failures="0" tests="26" name="Surefire test" time="1.097" errors="0" timestamp="2023-06-23T10:54:07 BRT">
  <testcase classname="AssertTest" name="test on test(AssertTest)" time="0.008"/>
  <testcase classname="br.ce.wcaquino.servicos.CalculadoraMockTest" name="testMock on testMock(br.ce.wcaquino.servicos.CalculadoraMockTest)" time="0.809"/>
  <testcase classname="br.ce.wcaquino.servicos.CalculadoraMockTest" name="testShowDifferenceBetweenMockAndSpy on testShowDifferenceBetweenMockAndSpy(br.ce.wcaquino.servicos.CalculadoraMockTest)" time="0.816"/>
  <testcase classname="br.ce.wcaquino.servicos.CalculadoraTest" name="deveSomarDoisValores on deveSomarDoisValores(br.ce.wcaquino.servicos.CalculadoraTest)" time="0.003"/>
  <testcase classname="br.ce.wcaquino.servicos.CalculadoraTest" name="deveDividir on deveDividir(br.ce.wcaquino.servicos.CalculadoraTest)" time="0.003"/>
  <testcase classname="br.ce.wcaquino.servicos.CalculadoraTest" name="deveLancarExcecaoAoDividirPorZero on deveLancarExcecaoAoDividirPorZero(br.ce.wcaquino.servicos.CalculadoraTest)" time="0.004"/>
  <testcase classname="br.ce.wcaquino.servicos.CalculadoraTest" name="deveSubtrairDoisValores on deveSubtrairDoisValores(br.ce.wcaquino.servicos.CalculadoraTest)" time="0.004"/>
  <testcase classname="br.ce.wcaquino.servicos.CalculadoraTest" name="deveDividirDoisValores on deveDividirDoisValores(br.ce.wcaquino.servicos.CalculadoraTest)" time="0.004"/>
  <testcase classname="br.ce.wcaquino.servicos.CalculoValorLocacaoTest" name="deveCalcularValorLocacaoConsiderandoDescontos[2 Filmes: Sem Desconto] on deveCalcularValorLocacaoConsiderandoDescontos[2 Filmes: Sem Desconto](br.ce.wcaquino.servicos.CalculoValorLocacaoTest)" time="0.069"/>
  <testcase classname="br.ce.wcaquino.servicos.CalculoValorLocacaoTest" name="deveCalcularValorLocacaoConsiderandoDescontos[3 Filmes: 25%] on deveCalcularValorLocacaoConsiderandoDescontos[3 Filmes: 25%](br.ce.wcaquino.servicos.CalculoValorLocacaoTest)" time="0.072"/>
  <testcase classname="br.ce.wcaquino.servicos.CalculoValorLocacaoTest" name="deveCalcularValorLocacaoConsiderandoDescontos[4 Filmes: 50%] on deveCalcularValorLocacaoConsiderandoDescontos[4 Filmes: 50%](br.ce.wcaquino.servicos.CalculoValorLocacaoTest)" time="0.074"/>
  <testcase classname="br.ce.wcaquino.servicos.CalculoValorLocacaoTest" name="deveCalcularValorLocacaoConsiderandoDescontos[5 Filmes: 75%] on deveCalcularValorLocacaoConsiderandoDescontos[5 Filmes: 75%](br.ce.wcaquino.servicos.CalculoValorLocacaoTest)" time="0.078"/>
  <testcase classname="br.ce.wcaquino.servicos.CalculoValorLocacaoTest" name="deveCalcularValorLocacaoConsiderandoDescontos[6 Filmes: 100%] on deveCalcularValorLocacaoConsiderandoDescontos[6 Filmes: 100%](br.ce.wcaquino.servicos.CalculoValorLocacaoTest)" time="0.079"/>
  <testcase classname="br.ce.wcaquino.servicos.CalculoValorLocacaoTest" name="deveCalcularValorLocacaoConsiderandoDescontos[7 Filmes: Sem Desconto] on deveCalcularValorLocacaoConsiderandoDescontos[7 Filmes: Sem Desconto](br.ce.wcaquino.servicos.CalculoValorLocacaoTest)" time="0.081"/>
  <testcase classname="br.ce.wcaquino.servicos.LocacaoServiceTest" name="naoDeveAlugarFilmeSemFilme on naoDeveAlugarFilmeSemFilme(br.ce.wcaquino.servicos.LocacaoServiceTest)" time="0.032"/>
  <testcase classname="br.ce.wcaquino.servicos.LocacaoServiceTest" name="naoDeveAlugarFilmeSemEstoque on naoDeveAlugarFilmeSemEstoque(br.ce.wcaquino.servicos.LocacaoServiceTest)" time="0.036"/>
  <testcase classname="br.ce.wcaquino.servicos.LocacaoServiceTest" name="deveProrrogarUmaLocacao on deveProrrogarUmaLocacao(br.ce.wcaquino.servicos.LocacaoServiceTest)" time="0.061"/>
  <testcase classname="br.ce.wcaquino.servicos.LocacaoServiceTest" name="deveTratarErronoSPC on deveTratarErronoSPC(br.ce.wcaquino.servicos.LocacaoServiceTest)" time="0.067"/>
  <testcase classname="br.ce.wcaquino.servicos.LocacaoServiceTest" name="deveEnviarEmailParaLocacoesAtrasadas on deveEnviarEmailParaLocacoesAtrasadas(br.ce.wcaquino.servicos.LocacaoServiceTest)" time="0.078"/>
  <testcase classname="br.ce.wcaquino.servicos.LocacaoServiceTest" name="naoDeveAlugarFilmeParaNegativadoSPC on naoDeveAlugarFilmeParaNegativadoSPC(br.ce.wcaquino.servicos.LocacaoServiceTest)" time="0.081"/>
  <testcase classname="br.ce.wcaquino.servicos.LocacaoServiceTest" name="deveDevolverNaSegundaAoAlugarNoSabado on deveDevolverNaSegundaAoAlugarNoSabado(br.ce.wcaquino.servicos.LocacaoServiceTest)" time="0.089"/>
  <testcase classname="br.ce.wcaquino.servicos.LocacaoServiceTest" name="naoDeveAlugarFilmeSemUsuario on naoDeveAlugarFilmeSemUsuario(br.ce.wcaquino.servicos.LocacaoServiceTest)" time="0.094"/>
  <testcase classname="br.ce.wcaquino.servicos.LocacaoServiceTest" name="deveCalcularValorLocacao on deveCalcularValorLocacao(br.ce.wcaquino.servicos.LocacaoServiceTest)" time="0.098"/>
  <testcase classname="br.ce.wcaquino.servicos.LocacaoServiceTest" name="deveAlugarFilme on deveAlugarFilme(br.ce.wcaquino.servicos.LocacaoServiceTest)" time="0.102"/>
  <testcase classname="OrdemTest" name="inicia on inicia(OrdemTest)" time="0.001"/>
  <testcase classname="OrdemTest" name="verifica on verifica(OrdemTest)" time="0.001"/>
</testsuite> <!-- Surefire test -->
