-------------------------------------------------------------------------------
Test set: OrdemTest
-------------------------------------------------------------------------------
Tests run: 2, Failures: 1, Errors: 0, Skipped: 0, Time elapsed: 0.003 s <<< FAILURE! - in OrdemTest
OrdemTest.verifica  Time elapsed: 0.003 s  <<< FAILURE!
java.lang.AssertionError: expected:<1> but was:<0>
	at OrdemTest.verifica(OrdemTest.java:20)

