<?xml version="1.0" encoding="UTF-8"?>
<testsuite xmlns:xsi="http://www.w3.org/2001/XMLSchema-instance" xsi:noNamespaceSchemaLocation="https://maven.apache.org/surefire/maven-surefire-plugin/xsd/surefire-test-report-3.0.xsd" version="3.0" name="br.ce.wcaquino.servicos.CalculadoraTest" time="0.015" tests="5" errors="0" skipped="0" failures="0">
  <properties>
[...]
</properties>
  <testcase name="deveLancarExcecaoAoDividirPorZero" classname="br.ce.wcaquino.servicos.CalculadoraTest" time="0.004">
    <system-out><![CDATA[iniciando...
finalizando...
]]></system-out>
  </testcase>
  <testcase name="deveDividir" classname="br.ce.wcaquino.servicos.CalculadoraTest" time="0.004">
    <system-out><![CDATA[iniciando...
finalizando...
]]></system-out>
  </testcase>
  <testcase name="deveSomarDoisValores" classname="br.ce.wcaquino.servicos.CalculadoraTest" time="0.004">
    <system-out><![CDATA[iniciando...
Estou executando o método somar
finalizando...
]]></system-out>
  </testcase>
  <testcase name="deveSubtrairDoisValores" classname="br.ce.wcaquino.servicos.CalculadoraTest" time="0.003">
    <system-out><![CDATA[iniciando...
finalizando...
]]></system-out>
  </testcase>
  <testcase name="deveDividirDoisValores" classname="br.ce.wcaquino.servicos.CalculadoraTest" time="0.001">
    <system-out><![CDATA[iniciando...
finalizando...
]]></system-out>
  </testcase>
</testsuite>