<?xml version="1.0" encoding="UTF-8"?>
<testsuite xmlns:xsi="http://www.w3.org/2001/XMLSchema-instance" xsi:noNamespaceSchemaLocation="https://maven.apache.org/surefire/maven-surefire-plugin/xsd/surefire-test-report-3.0.xsd" version="3.0" name="TestSuite" time="1.439" tests="26" errors="0" skipped="0" failures="0">
  <properties>
[...]
</properties>
  <testcase name="test on test(AssertTest)" classname="AssertTest" time="0.005">
    <system-out><![CDATA[Usage: <main class> [options] The XML suite files to run
  Options:
    -alwaysrunlisteners
      Should MethodInvocation Listeners be run even for skipped methods
      Default: true
    -configfailurepolicy
      Configuration failure policy (skip or continue)
    -d
      Output directory
    -dataproviderthreadcount
      Number of threads to use when running data providers
    -dependencyinjectorfactory
      The dependency injector factory implementation that TestNG should use.
    -excludegroups
      Comma-separated list of group names to  exclude
    -failwheneverythingskipped
      Should TestNG fail execution if all tests were skipped and nothing was 
      run. 
      Default: false
    -groups
      Comma-separated list of group names to be run
    -includeAllDataDrivenTestsWhenSkipping
      Should TestNG report all iterations of a data driven test as individual 
      skips, in-case of upstream failures.
      Default: false
    -junit
      JUnit mode
      Default: false
    -listener
      List of .class files or list of class names implementing ITestListener 
      or ISuiteListener
    -methods
      Comma separated of test methods
      Default: []
    -methodselectors
      List of .class files or list of class names implementing IMethodSelector
    -mixed
      Mixed mode - autodetect the type of current test and run it with 
      appropriate runner
      Default: false
    -objectfactory
      List of .class files or list of class names implementing 
      ITestRunnerFactory 
    -overrideincludedmethods
      Comma separated fully qualified class names of listeners that should be 
      skipped from being wired in via Service Loaders.
      Default: false
    -parallel
      Parallel mode (methods, tests or classes)
      Possible Values: [tests, methods, classes, instances, none]
    -port
      The port
    -propagateDataProviderFailureAsTestFailure
      Should TestNG consider failures in Data Providers  as test failures.
      Default: false
    -reporter
      Extended configuration for custom report listener
    -spilistenerstoskip
      Comma separated fully qualified class names of listeners that should be 
      skipped from being wired in via Service Loaders.
      Default: <empty string>
    -suitename
      Default name of test suite, if not specified in suite definition file or 
      source code
    -suitethreadpoolsize
      Size of the thread pool to use to run suites
      Default: 1
    -testclass
      The list of test classes
    -testjar
      A jar file containing the tests
    -testname
      Default name of test, if not specified in suitedefinition file or source 
      code 
    -testnames
      The list of test names to run
    -testrunfactory, -testRunFactory
      The factory used to create tests
    -threadcount
      Number of threads to use when running tests in parallel
    -threadpoolfactoryclass
      The threadpool executor factory implementation that TestNG should use.
    -usedefaultlisteners
      Whether to use the default listeners
      Default: true
    -log, -verbose
      Level of verbosity
    -xmlpathinjar
      The full path to the xml file inside the jar file (only valid if 
      -testjar was specified)
      Default: testng.xml

]]></system-out>
    <system-err><![CDATA[SLF4J: Failed to load class "org.slf4j.impl.StaticLoggerBinder".
SLF4J: Defaulting to no-operation (NOP) logger implementation
SLF4J: See http://www.slf4j.org/codes.html#StaticLoggerBinder for further details.
]]></system-err>
  </testcase>
  <testcase name="testMock on testMock(br.ce.wcaquino.servicos.CalculadoraMockTest)" classname="br.ce.wcaquino.servicos.CalculadoraMockTest" time="0.809">
    <system-out><![CDATA[[134345, -234]
]]></system-out>
  </testcase>
  <testcase name="testShowDifferenceBetweenMockAndSpy on testShowDifferenceBetweenMockAndSpy(br.ce.wcaquino.servicos.CalculadoraMockTest)" classname="br.ce.wcaquino.servicos.CalculadoraMockTest" time="0.007">
    <system-out><![CDATA[Mock: 5
Spy: 5
Mock
Spy
]]></system-out>
  </testcase>
  <testcase name="deveSomarDoisValores on deveSomarDoisValores(br.ce.wcaquino.servicos.CalculadoraTest)" classname="br.ce.wcaquino.servicos.CalculadoraTest" time="0.003">
    <system-out><![CDATA[iniciando...
Estou executando o método somar
finalizando...
]]></system-out>
  </testcase>
  <testcase name="deveDividir on deveDividir(br.ce.wcaquino.servicos.CalculadoraTest)" classname="br.ce.wcaquino.servicos.CalculadoraTest" time="0.001">
    <system-out><![CDATA[iniciando...
finalizando...
]]></system-out>
  </testcase>
  <testcase name="deveLancarExcecaoAoDividirPorZero on deveLancarExcecaoAoDividirPorZero(br.ce.wcaquino.servicos.CalculadoraTest)" classname="br.ce.wcaquino.servicos.CalculadoraTest" time="0.002">
    <system-out><![CDATA[iniciando...
finalizando...
]]></system-out>
  </testcase>
  <testcase name="deveSubtrairDoisValores on deveSubtrairDoisValores(br.ce.wcaquino.servicos.CalculadoraTest)" classname="br.ce.wcaquino.servicos.CalculadoraTest" time="0.001">
    <system-out><![CDATA[iniciando...
finalizando...
]]></system-out>
  </testcase>
  <testcase name="deveDividirDoisValores on deveDividirDoisValores(br.ce.wcaquino.servicos.CalculadoraTest)" classname="br.ce.wcaquino.servicos.CalculadoraTest" time="0.001">
    <system-out><![CDATA[iniciando...
finalizando...
]]></system-out>
  </testcase>
  <testcase name="deveCalcularValorLocacaoConsiderandoDescontos[2 Filmes: Sem Desconto] on deveCalcularValorLocacaoConsiderandoDescontos[2 Filmes: Sem Desconto](br.ce.wcaquino.servicos.CalculoValorLocacaoTest)" classname="br.ce.wcaquino.servicos.CalculoValorLocacaoTest" time="0.067">
    <system-out><![CDATA[11111
]]></system-out>
  </testcase>
  <testcase name="deveCalcularValorLocacaoConsiderandoDescontos[3 Filmes: 25%] on deveCalcularValorLocacaoConsiderandoDescontos[3 Filmes: 25%](br.ce.wcaquino.servicos.CalculoValorLocacaoTest)" classname="br.ce.wcaquino.servicos.CalculoValorLocacaoTest" time="0.003"/>
  <testcase name="deveCalcularValorLocacaoConsiderandoDescontos[4 Filmes: 50%] on deveCalcularValorLocacaoConsiderandoDescontos[4 Filmes: 50%](br.ce.wcaquino.servicos.CalculoValorLocacaoTest)" classname="br.ce.wcaquino.servicos.CalculoValorLocacaoTest" time="0.002"/>
  <testcase name="deveCalcularValorLocacaoConsiderandoDescontos[5 Filmes: 75%] on deveCalcularValorLocacaoConsiderandoDescontos[5 Filmes: 75%](br.ce.wcaquino.servicos.CalculoValorLocacaoTest)" classname="br.ce.wcaquino.servicos.CalculoValorLocacaoTest" time="0.004"/>
  <testcase name="deveCalcularValorLocacaoConsiderandoDescontos[6 Filmes: 100%] on deveCalcularValorLocacaoConsiderandoDescontos[6 Filmes: 100%](br.ce.wcaquino.servicos.CalculoValorLocacaoTest)" classname="br.ce.wcaquino.servicos.CalculoValorLocacaoTest" time="0.002"/>
  <testcase name="deveCalcularValorLocacaoConsiderandoDescontos[7 Filmes: Sem Desconto] on deveCalcularValorLocacaoConsiderandoDescontos[7 Filmes: Sem Desconto](br.ce.wcaquino.servicos.CalculoValorLocacaoTest)" classname="br.ce.wcaquino.servicos.CalculoValorLocacaoTest" time="0.002"/>
  <testcase name="naoDeveAlugarFilmeSemFilme on naoDeveAlugarFilmeSemFilme(br.ce.wcaquino.servicos.LocacaoServiceTest)" classname="br.ce.wcaquino.servicos.LocacaoServiceTest" time="0.03">
    <system-out><![CDATA[finalizando 2...
]]></system-out>
  </testcase>
  <testcase name="naoDeveAlugarFilmeSemEstoque on naoDeveAlugarFilmeSemEstoque(br.ce.wcaquino.servicos.LocacaoServiceTest)" classname="br.ce.wcaquino.servicos.LocacaoServiceTest" time="0.004">
    <system-out><![CDATA[finalizando 2...
]]></system-out>
  </testcase>
  <testcase name="deveProrrogarUmaLocacao on deveProrrogarUmaLocacao(br.ce.wcaquino.servicos.LocacaoServiceTest)" classname="br.ce.wcaquino.servicos.LocacaoServiceTest" time="0.025">
    <system-out><![CDATA[finalizando 2...
]]></system-out>
  </testcase>
  <testcase name="deveTratarErronoSPC on deveTratarErronoSPC(br.ce.wcaquino.servicos.LocacaoServiceTest)" classname="br.ce.wcaquino.servicos.LocacaoServiceTest" time="0.005">
    <system-out><![CDATA[finalizando 2...
]]></system-out>
  </testcase>
  <testcase name="deveEnviarEmailParaLocacoesAtrasadas on deveEnviarEmailParaLocacoesAtrasadas(br.ce.wcaquino.servicos.LocacaoServiceTest)" classname="br.ce.wcaquino.servicos.LocacaoServiceTest" time="0.011">
    <system-out><![CDATA[finalizando 2...
]]></system-out>
  </testcase>
  <testcase name="naoDeveAlugarFilmeParaNegativadoSPC on naoDeveAlugarFilmeParaNegativadoSPC(br.ce.wcaquino.servicos.LocacaoServiceTest)" classname="br.ce.wcaquino.servicos.LocacaoServiceTest" time="0.004">
    <system-out><![CDATA[finalizando 2...
]]></system-out>
  </testcase>
  <testcase name="deveDevolverNaSegundaAoAlugarNoSabado on deveDevolverNaSegundaAoAlugarNoSabado(br.ce.wcaquino.servicos.LocacaoServiceTest)" classname="br.ce.wcaquino.servicos.LocacaoServiceTest" time="0.008">
    <system-out><![CDATA[finalizando 2...
]]></system-out>
  </testcase>
  <testcase name="naoDeveAlugarFilmeSemUsuario on naoDeveAlugarFilmeSemUsuario(br.ce.wcaquino.servicos.LocacaoServiceTest)" classname="br.ce.wcaquino.servicos.LocacaoServiceTest" time="0.005">
    <system-out><![CDATA[finalizando 2...
]]></system-out>
  </testcase>
  <testcase name="deveCalcularValorLocacao on deveCalcularValorLocacao(br.ce.wcaquino.servicos.LocacaoServiceTest)" classname="br.ce.wcaquino.servicos.LocacaoServiceTest" time="0.003">
    <system-out><![CDATA[finalizando 2...
]]></system-out>
  </testcase>
  <testcase name="deveAlugarFilme on deveAlugarFilme(br.ce.wcaquino.servicos.LocacaoServiceTest)" classname="br.ce.wcaquino.servicos.LocacaoServiceTest" time="0.005">
    <system-out><![CDATA[finalizando 2...
]]></system-out>
  </testcase>
  <testcase name="inicia on inicia(OrdemTest)" classname="OrdemTest" time="0">
    <system-out><![CDATA[11111
]]></system-out>
  </testcase>
  <testcase name="verifica on verifica(OrdemTest)" classname="OrdemTest" time="0"/>
</testsuite>